# JRE version: Java(TM) SE Runtime Environment (8.0_171-b11) (build 1.8.0_171-b11)
# Java VM: Java HotSpot(TM) 64-Bit Server VM (25.171-b11 mixed mode windows-amd64 compressed oops)
Heap:
 PSYoungGen      total 239616K, used 191350K [0x00000000eab00000, 0x00000000fda80000, 0x0000000100000000)
  eden space 227328K, 78% used [0x00000000eab00000,0x00000000f59e1848,0x00000000f8900000)
  from space 12288K, 99% used [0x00000000f8900000,0x00000000f94fc328,0x00000000f9500000)
  to   space 18432K, 0% used [0x00000000fc880000,0x00000000fc880000,0x00000000fda80000)
 ParOldGen       total 161792K, used 29918K [0x00000000c0000000, 0x00000000c9e00000, 0x00000000eab00000)
  object space 161792K, 18% used [0x00000000c0000000,0x00000000c1d37a88,0x00000000c9e00000)
 Metaspace       used 46397K, capacity 47316K, committed 47400K, reserved 1089536K
  class space    used 6408K, capacity 6680K, committed 6704K, reserved 1048576K
GC Heap History (10 events):
Event: 6.166 GC heap before
{Heap before GC invocations=7 (full 1):
 PSYoungGen      total 138240K, used 69142K [0x00000000eab00000, 0x00000000f5a80000, 0x0000000100000000)
  eden space 127488K, 45% used [0x00000000eab00000,0x00000000ee407b78,0x00000000f2780000)
  from space 10752K, 99% used [0x00000000f2780000,0x00000000f31fdde0,0x00000000f3200000)
  to   space 12288K, 0% used [0x00000000f4e80000,0x00000000f4e80000,0x00000000f5a80000)
 ParOldGen       total 103424K, used 8957K [0x00000000c0000000, 0x00000000c6500000, 0x00000000eab00000)
  object space 103424K, 8% used [0x00000000c0000000,0x00000000c08bf5b8,0x00000000c6500000)
 Metaspace       used 34842K, capacity 35408K, committed 35496K, reserved 1079296K
  class space    used 5083K, capacity 5274K, committed 5296K, reserved 1048576K
Event: 6.185 GC heap after
Heap after GC invocations=7 (full 1):
 PSYoungGen      total 166912K, used 11056K [0x00000000eab00000, 0x00000000f8a00000, 0x0000000100000000)
  eden space 154624K, 0% used [0x00000000eab00000,0x00000000eab00000,0x00000000f4200000)
  from space 12288K, 89% used [0x00000000f4e80000,0x00000000f594c050,0x00000000f5a80000)
  to   space 12800K, 0% used [0x00000000f4200000,0x00000000f4200000,0x00000000f4e80000)
 ParOldGen       total 103424K, used 8957K [0x00000000c0000000, 0x00000000c6500000, 0x00000000eab00000)
  object space 103424K, 8% used [0x00000000c0000000,0x00000000c08bf5b8,0x00000000c6500000)
 Metaspace       used 34842K, capacity 35408K, committed 35496K, reserved 1079296K
  class space    used 5083K, capacity 5274K, committed 5296K, reserved 1048576K
}
Event: 6.185 GC heap before
{Heap before GC invocations=8 (full 2):
 PSYoungGen      total 166912K, used 11056K [0x00000000eab00000, 0x00000000f8a00000, 0x0000000100000000)
  eden space 154624K, 0% used [0x00000000eab00000,0x00000000eab00000,0x00000000f4200000)
  from space 12288K, 89% used [0x00000000f4e80000,0x00000000f594c050,0x00000000f5a80000)
  to   space 12800K, 0% used [0x00000000f4200000,0x00000000f4200000,0x00000000f4e80000)
 ParOldGen       total 103424K, used 8957K [0x00000000c0000000, 0x00000000c6500000, 0x00000000eab00000)
  object space 103424K, 8% used [0x00000000c0000000,0x00000000c08bf5b8,0x00000000c6500000)
 Metaspace       used 34842K, capacity 35408K, committed 35496K, reserved 1079296K
  class space    used 5083K, capacity 5274K, committed 5296K, reserved 1048576K
Event: 6.261 GC heap after
Heap after GC invocations=8 (full 2):
 PSYoungGen      total 166912K, used 0K [0x00000000eab00000, 0x00000000f8a00000, 0x0000000100000000)
  eden space 154624K, 0% used [0x00000000eab00000,0x00000000eab00000,0x00000000f4200000)
  from space 12288K, 0% used [0x00000000f4e80000,0x00000000f4e80000,0x00000000f5a80000)
  to   space 12800K, 0% used [0x00000000f4200000,0x00000000f4200000,0x00000000f4e80000)
 ParOldGen       total 161792K, used 17977K [0x00000000c0000000, 0x00000000c9e00000, 0x00000000eab00000)
  object space 161792K, 11% used [0x00000000c0000000,0x00000000c118e608,0x00000000c9e00000)
 Metaspace       used 34842K, capacity 35408K, committed 35496K, reserved 1079296K
  class space    used 5083K, capacity 5274K, committed 5296K, reserved 1048576K
}
Event: 7.991 GC heap before
{Heap before GC invocations=9 (full 2):
 PSYoungGen      total 166912K, used 154624K [0x00000000eab00000, 0x00000000f8a00000, 0x0000000100000000)
  eden space 154624K, 100% used [0x00000000eab00000,0x00000000f4200000,0x00000000f4200000)
  from space 12288K, 0% used [0x00000000f4e80000,0x00000000f4e80000,0x00000000f5a80000)
  to   space 12800K, 0% used [0x00000000f4200000,0x00000000f4200000,0x00000000f4e80000)
 ParOldGen       total 161792K, used 17977K [0x00000000c0000000, 0x00000000c9e00000, 0x00000000eab00000)
  object space 161792K, 11% used [0x00000000c0000000,0x00000000c118e608,0x00000000c9e00000)
 Metaspace       used 37438K, capacity 38090K, committed 38440K, reserved 1081344K
  class space    used 5348K, capacity 5577K, committed 5680K, reserved 1048576K
Event: 8.026 GC heap after
Heap after GC invocations=9 (full 2):
 PSYoungGen      total 167424K, used 8333K [0x00000000eab00000, 0x00000000fa580000, 0x0000000100000000)
  eden space 154624K, 0% used [0x00000000eab00000,0x00000000eab00000,0x00000000f4200000)
  from space 12800K, 65% used [0x00000000f4200000,0x00000000f4a237f0,0x00000000f4e80000)
  to   space 12800K, 0% used [0x00000000f9900000,0x00000000f9900000,0x00000000fa580000)
 ParOldGen       total 161792K, used 17977K [0x00000000c0000000, 0x00000000c9e00000, 0x00000000eab00000)
  object space 161792K, 11% used [0x00000000c0000000,0x00000000c118e608,0x00000000c9e00000)
 Metaspace       used 37438K, capacity 38090K, committed 38440K, reserved 1081344K
  class space    used 5348K, capacity 5577K, committed 5680K, reserved 1048576K
}
Event: 9.407 GC heap before
{Heap before GC invocations=10 (full 2):
 PSYoungGen      total 167424K, used 162957K [0x00000000eab00000, 0x00000000fa580000, 0x0000000100000000)
  eden space 154624K, 100% used [0x00000000eab00000,0x00000000f4200000,0x00000000f4200000)
  from space 12800K, 65% used [0x00000000f4200000,0x00000000f4a237f0,0x00000000f4e80000)
  to   space 12800K, 0% used [0x00000000f9900000,0x00000000f9900000,0x00000000fa580000)
 ParOldGen       total 161792K, used 17977K [0x00000000c0000000, 0x00000000c9e00000, 0x00000000eab00000)
  object space 161792K, 11% used [0x00000000c0000000,0x00000000c118e608,0x00000000c9e00000)
 Metaspace       used 41719K, capacity 42454K, committed 42792K, reserved 1085440K
  class space    used 5904K, capacity 6111K, committed 6192K, reserved 1048576K
Event: 9.415 GC heap after
Heap after GC invocations=10 (full 2):
 PSYoungGen      total 231424K, used 8184K [0x00000000eab00000, 0x00000000fa100000, 0x0000000100000000)
  eden space 223232K, 0% used [0x00000000eab00000,0x00000000eab00000,0x00000000f8500000)
  from space 8192K, 99% used [0x00000000f9900000,0x00000000fa0fe2b0,0x00000000fa100000)
  to   space 12288K, 0% used [0x00000000f8900000,0x00000000f8900000,0x00000000f9500000)
 ParOldGen       total 161792K, used 17985K [0x00000000c0000000, 0x00000000c9e00000, 0x00000000eab00000)
  object space 161792K, 11% used [0x00000000c0000000,0x00000000c1190608,0x00000000c9e00000)
 Metaspace       used 41719K, capacity 42454K, committed 42792K, reserved 1085440K
  class space    used 5904K, capacity 6111K, committed 6192K, reserved 1048576K
}
Event: 55.033 GC heap before
{Heap before GC invocations=11 (full 2):
 PSYoungGen      total 231424K, used 231416K [0x00000000eab00000, 0x00000000fa100000, 0x0000000100000000)
  eden space 223232K, 100% used [0x00000000eab00000,0x00000000f8500000,0x00000000f8500000)
  from space 8192K, 99% used [0x00000000f9900000,0x00000000fa0fe2b0,0x00000000fa100000)
  to   space 12288K, 0% used [0x00000000f8900000,0x00000000f8900000,0x00000000f9500000)
 ParOldGen       total 161792K, used 17985K [0x00000000c0000000, 0x00000000c9e00000, 0x00000000eab00000)
  object space 161792K, 11% used [0x00000000c0000000,0x00000000c1190608,0x00000000c9e00000)
 Metaspace       used 46222K, capacity 47112K, committed 47144K, reserved 1089536K
  class space    used 6407K, capacity 6678K, committed 6704K, reserved 1048576K
Event: 55.054 GC heap after
Heap after GC invocations=11 (full 2):
 PSYoungGen      total 239616K, used 12272K [0x00000000eab00000, 0x00000000fda80000, 0x0000000100000000)
  eden space 227328K, 0% used [0x00000000eab00000,0x00000000eab00000,0x00000000f8900000)
  from space 12288K, 99% used [0x00000000f8900000,0x00000000f94fc328,0x00000000f9500000)
  to   space 18432K, 0% used [0x00000000fc880000,0x00000000fc880000,0x00000000fda80000)
 ParOldGen       total 161792K, used 29918K [0x00000000c0000000, 0x00000000c9e00000, 0x00000000eab00000)
  object space 161792K, 18% used [0x00000000c0000000,0x00000000c1d37a88,0x00000000c9e00000)
 Metaspace       used 46222K, capacity 47112K, committed 47144K, reserved 1089536K
  class space    used 6407K, capacity 6678K, committed 6704K, reserved 1048576K
}

